  test.cpp
E:\cplusplus_code\runningSum\runningSum\test.cpp(13,27): warning C4018: “<”: 有符号/无符号不匹配
MSVCRTD.lib(exe_main.obj) : error LNK2019: 无法解析的外部符号 _main，函数 "int __cdecl invoke_main(void)" (?invoke_main@@YAHXZ) 中引用了该符号
E:\cplusplus_code\runningSum\Debug\runningSum.exe : fatal error LNK1120: 1 个无法解析的外部命令
